<?xml version="1.0" encoding="UTF-8"?>
<testng-results ignored="0" total="1" passed="1" failed="0" skipped="0">
  <reporter-output>
  </reporter-output>
  <suite started-at="2022-11-16T22:19:44 EST" name="Default suite" finished-at="2022-11-16T22:20:13 EST" duration-ms="28776">
    <groups>
    </groups>
    <test started-at="2022-11-16T22:19:44 EST" name="Default test" finished-at="2022-11-16T22:20:13 EST" duration-ms="28776">
      <class name="startingPointOfframework26.TC001_CreateLead">
        <test-method signature="createLead()[pri:0, instance:startingPointOfframework26.TC001_CreateLead@2892dae4]" started-at="2022-11-16T22:19:44 EST" name="createLead" finished-at="2022-11-16T22:20:13 EST" duration-ms="28728" status="PASS">
          <reporter-output>
          </reporter-output>
        </test-method> <!-- createLead -->
      </class> <!-- startingPointOfframework26.TC001_CreateLead -->
    </test> <!-- Default test -->
  </suite> <!-- Default suite -->
</testng-results>
